This file contains any messages produced by compilers while
running configure, to aid debugging if configure makes a mistake.

It was created by mod_authnz_mysql configure 1.0, which was
generated by GNU Autoconf 2.68.  Invocation command line was

  $ ./configure 

## --------- ##
## Platform. ##
## --------- ##

hostname = aptosidbox
uname -m = i686
uname -r = 3.0-4.slh.3-aptosid-686
uname -s = Linux
uname -v = #1 SMP PREEMPT Wed Sep 7 01:32:02 UTC 2011

/usr/bin/uname -p = unknown
/bin/uname -X     = unknown

/bin/arch              = unknown
/usr/bin/arch -k       = unknown
/usr/convex/getsysinfo = unknown
/usr/bin/hostinfo      = unknown
/bin/machine           = unknown
/usr/bin/oslevel       = unknown
/bin/universe          = unknown

PATH: /usr/local/bin
PATH: /usr/bin
PATH: /bin
PATH: /usr/local/games
PATH: /usr/games


## ----------- ##
## Core tests. ##
## ----------- ##

configure:2104: checking for a BSD-compatible install
configure:2172: result: /usr/bin/install -c
configure:2183: checking whether build environment is sane
configure:2233: result: yes
configure:2374: checking for a thread-safe mkdir -p
configure:2413: result: /bin/mkdir -p
configure:2426: checking for gawk
configure:2442: found /usr/bin/gawk
configure:2453: result: gawk
configure:2464: checking whether make sets $(MAKE)
configure:2486: result: yes
configure:2585: checking for style of include used by make
configure:2613: result: GNU
configure:2683: checking for gcc
configure:2699: found /usr/bin/gcc
configure:2710: result: gcc
configure:2939: checking for C compiler version
configure:2948: gcc --version >&5
gcc (Debian 4.6.1-10) 4.6.1
Copyright (C) 2011 Free Software Foundation, Inc.
This is free software; see the source for copying conditions.  There is NO
warranty; not even for MERCHANTABILITY or FITNESS FOR A PARTICULAR PURPOSE.

configure:2959: $? = 0
configure:2948: gcc -v >&5
Using built-in specs.
COLLECT_GCC=gcc
COLLECT_LTO_WRAPPER=/usr/lib/gcc/i486-linux-gnu/4.6.1/lto-wrapper
Target: i486-linux-gnu
Configured with: ../src/configure -v --with-pkgversion='Debian 4.6.1-10' --with-bugurl=file:///usr/share/doc/gcc-4.6/README.Bugs --enable-languages=c,c++,fortran,objc,obj-c++,go --prefix=/usr --program-suffix=-4.6 --enable-shared --enable-linker-build-id --with-system-zlib --libexecdir=/usr/lib --without-included-gettext --enable-threads=posix --with-gxx-include-dir=/usr/include/c++/4.6 --libdir=/usr/lib --enable-nls --enable-clocale=gnu --enable-libstdcxx-debug --enable-libstdcxx-time=yes --enable-plugin --enable-objc-gc --enable-targets=all --with-arch-32=i586 --with-tune=generic --enable-checking=release --build=i486-linux-gnu --host=i486-linux-gnu --target=i486-linux-gnu
Thread model: posix
gcc version 4.6.1 (Debian 4.6.1-10) 
configure:2959: $? = 0
configure:2948: gcc -V >&5
gcc: error: unrecognized option '-V'
gcc: fatal error: no input files
compilation terminated.
configure:2959: $? = 4
configure:2948: gcc -qversion >&5
gcc: error: unrecognized option '-qversion'
gcc: fatal error: no input files
compilation terminated.
configure:2959: $? = 4
configure:2979: checking whether the C compiler works
configure:3001: gcc    conftest.c  >&5
configure:3005: $? = 0
configure:3053: result: yes
configure:3056: checking for C compiler default output file name
configure:3058: result: a.out
configure:3064: checking for suffix of executables
configure:3071: gcc -o conftest    conftest.c  >&5
configure:3075: $? = 0
configure:3097: result: 
configure:3119: checking whether we are cross compiling
configure:3127: gcc -o conftest    conftest.c  >&5
configure:3131: $? = 0
configure:3138: ./conftest
configure:3142: $? = 0
configure:3157: result: no
configure:3162: checking for suffix of object files
configure:3184: gcc -c   conftest.c >&5
configure:3188: $? = 0
configure:3209: result: o
configure:3213: checking whether we are using the GNU C compiler
configure:3232: gcc -c   conftest.c >&5
configure:3232: $? = 0
configure:3241: result: yes
configure:3250: checking whether gcc accepts -g
configure:3270: gcc -c -g  conftest.c >&5
configure:3270: $? = 0
configure:3311: result: yes
configure:3328: checking for gcc option to accept ISO C89
configure:3392: gcc  -c -g -O2  conftest.c >&5
configure:3392: $? = 0
configure:3405: result: none needed
configure:3427: checking dependency style of gcc
configure:3537: result: none
configure:3553: checking for mysql_init in -lmysqlclient
configure:3578: gcc -o conftest -g -O2   conftest.c -lmysqlclient   >&5
configure:3578: $? = 0
configure:3587: result: yes
configure:3696: checking how to run the C preprocessor
configure:3727: gcc -E  conftest.c
configure:3727: $? = 0
configure:3741: gcc -E  conftest.c
conftest.c:12:28: fatal error: ac_nonexistent.h: No such file or directory
compilation terminated.
configure:3741: $? = 1
configure: failed program was:
| /* confdefs.h */
| #define PACKAGE_NAME "mod_authnz_mysql"
| #define PACKAGE_TARNAME "mod_authnz_mysql"
| #define PACKAGE_VERSION "1.0"
| #define PACKAGE_STRING "mod_authnz_mysql 1.0"
| #define PACKAGE_BUGREPORT ""
| #define PACKAGE_URL ""
| #define PACKAGE "mod_authnz_mysql"
| #define VERSION "1.0"
| #define HAVE_LIBMYSQLCLIENT 1
| /* end confdefs.h.  */
| #include <ac_nonexistent.h>
configure:3766: result: gcc -E
configure:3786: gcc -E  conftest.c
configure:3786: $? = 0
configure:3800: gcc -E  conftest.c
conftest.c:12:28: fatal error: ac_nonexistent.h: No such file or directory
compilation terminated.
configure:3800: $? = 1
configure: failed program was:
| /* confdefs.h */
| #define PACKAGE_NAME "mod_authnz_mysql"
| #define PACKAGE_TARNAME "mod_authnz_mysql"
| #define PACKAGE_VERSION "1.0"
| #define PACKAGE_STRING "mod_authnz_mysql 1.0"
| #define PACKAGE_BUGREPORT ""
| #define PACKAGE_URL ""
| #define PACKAGE "mod_authnz_mysql"
| #define VERSION "1.0"
| #define HAVE_LIBMYSQLCLIENT 1
| /* end confdefs.h.  */
| #include <ac_nonexistent.h>
configure:3829: checking for grep that handles long lines and -e
configure:3887: result: /bin/grep
configure:3892: checking for egrep
configure:3954: result: /bin/grep -E
configure:3959: checking for ANSI C header files
configure:3979: gcc -c -g -O2  conftest.c >&5
configure:3979: $? = 0
configure:4052: gcc -o conftest -g -O2   conftest.c -lmysqlclient  >&5
configure:4052: $? = 0
configure:4052: ./conftest
configure:4052: $? = 0
configure:4063: result: yes
configure:4076: checking for sys/types.h
configure:4076: gcc -c -g -O2  conftest.c >&5
configure:4076: $? = 0
configure:4076: result: yes
configure:4076: checking for sys/stat.h
configure:4076: gcc -c -g -O2  conftest.c >&5
configure:4076: $? = 0
configure:4076: result: yes
configure:4076: checking for stdlib.h
configure:4076: gcc -c -g -O2  conftest.c >&5
configure:4076: $? = 0
configure:4076: result: yes
configure:4076: checking for string.h
configure:4076: gcc -c -g -O2  conftest.c >&5
configure:4076: $? = 0
configure:4076: result: yes
configure:4076: checking for memory.h
configure:4076: gcc -c -g -O2  conftest.c >&5
configure:4076: $? = 0
configure:4076: result: yes
configure:4076: checking for strings.h
configure:4076: gcc -c -g -O2  conftest.c >&5
configure:4076: $? = 0
configure:4076: result: yes
configure:4076: checking for inttypes.h
configure:4076: gcc -c -g -O2  conftest.c >&5
configure:4076: $? = 0
configure:4076: result: yes
configure:4076: checking for stdint.h
configure:4076: gcc -c -g -O2  conftest.c >&5
configure:4076: $? = 0
configure:4076: result: yes
configure:4076: checking for unistd.h
configure:4076: gcc -c -g -O2  conftest.c >&5
configure:4076: $? = 0
configure:4076: result: yes
configure:4090: checking crypt.h usability
configure:4090: gcc -c -g -O2  conftest.c >&5
configure:4090: $? = 0
configure:4090: result: yes
configure:4090: checking crypt.h presence
configure:4090: gcc -E  conftest.c
configure:4090: $? = 0
configure:4090: result: yes
configure:4090: checking for crypt.h
configure:4090: result: yes
configure:4101: checking for crypt in -lcrypt
configure:4126: gcc -o conftest -g -O2   conftest.c -lcrypt  -lmysqlclient  >&5
configure:4126: $? = 0
configure:4135: result: yes
configure:4167: gcc -o conftest -g -O2   conftest.c -lcrypt -lmysqlclient  >&5
configure:4167: $? = 0
configure:4167: ./conftest
configure:4167: $? = 0
configure:4195: gcc -o conftest -g -O2   conftest.c -lcrypt -lmysqlclient  >&5
configure:4195: $? = 0
configure:4195: ./conftest
configure:4195: $? = 0
configure:4208: checking for an ANSI C-conforming const
configure:4273: gcc -c -g -O2  conftest.c >&5
configure:4273: $? = 0
configure:4280: result: yes
configure:4290: checking return type of signal handlers
configure:4308: gcc -c -g -O2  conftest.c >&5
conftest.c: In function 'main':
conftest.c:32:1: error: void value not ignored as it ought to be
configure:4308: $? = 1
configure: failed program was:
| /* confdefs.h */
| #define PACKAGE_NAME "mod_authnz_mysql"
| #define PACKAGE_TARNAME "mod_authnz_mysql"
| #define PACKAGE_VERSION "1.0"
| #define PACKAGE_STRING "mod_authnz_mysql 1.0"
| #define PACKAGE_BUGREPORT ""
| #define PACKAGE_URL ""
| #define PACKAGE "mod_authnz_mysql"
| #define VERSION "1.0"
| #define HAVE_LIBMYSQLCLIENT 1
| #define STDC_HEADERS 1
| #define HAVE_SYS_TYPES_H 1
| #define HAVE_SYS_STAT_H 1
| #define HAVE_STDLIB_H 1
| #define HAVE_STRING_H 1
| #define HAVE_MEMORY_H 1
| #define HAVE_STRINGS_H 1
| #define HAVE_INTTYPES_H 1
| #define HAVE_STDINT_H 1
| #define HAVE_UNISTD_H 1
| #define HAVE_CRYPT_H 1
| #define HAVE_LIBCRYPT 1
| #define CRYPT_MD5 1
| #define CRYPT_DES 1
| /* end confdefs.h.  */
| #include <sys/types.h>
| #include <signal.h>
| 
| int
| main ()
| {
| return *(signal (0, 0)) (0) == 1;
|   ;
|   return 0;
| }
configure:4315: result: void
configure:4456: creating ./config.status

## ---------------------- ##
## Running config.status. ##
## ---------------------- ##

This file was extended by mod_authnz_mysql config.status 1.0, which was
generated by GNU Autoconf 2.68.  Invocation command line was

  CONFIG_FILES    = 
  CONFIG_HEADERS  = 
  CONFIG_LINKS    = 
  CONFIG_COMMANDS = 
  $ ./config.status 

on aptosidbox

config.status:870: creating Makefile
config.status:870: creating config.h
config.status:1099: executing depfiles commands

## ---------------- ##
## Cache variables. ##
## ---------------- ##

ac_cv_c_compiler_gnu=yes
ac_cv_c_const=yes
ac_cv_env_CC_set=
ac_cv_env_CC_value=
ac_cv_env_CFLAGS_set=
ac_cv_env_CFLAGS_value=
ac_cv_env_CPPFLAGS_set=
ac_cv_env_CPPFLAGS_value=
ac_cv_env_CPP_set=
ac_cv_env_CPP_value=
ac_cv_env_LDFLAGS_set=
ac_cv_env_LDFLAGS_value=
ac_cv_env_LIBS_set=
ac_cv_env_LIBS_value=
ac_cv_env_build_alias_set=
ac_cv_env_build_alias_value=
ac_cv_env_host_alias_set=
ac_cv_env_host_alias_value=
ac_cv_env_target_alias_set=
ac_cv_env_target_alias_value=
ac_cv_header_crypt_h=yes
ac_cv_header_inttypes_h=yes
ac_cv_header_memory_h=yes
ac_cv_header_stdc=yes
ac_cv_header_stdint_h=yes
ac_cv_header_stdlib_h=yes
ac_cv_header_string_h=yes
ac_cv_header_strings_h=yes
ac_cv_header_sys_stat_h=yes
ac_cv_header_sys_types_h=yes
ac_cv_header_unistd_h=yes
ac_cv_lib_crypt_crypt=yes
ac_cv_lib_mysqlclient_mysql_init=yes
ac_cv_objext=o
ac_cv_path_EGREP='/bin/grep -E'
ac_cv_path_GREP=/bin/grep
ac_cv_path_install='/usr/bin/install -c'
ac_cv_path_mkdir=/bin/mkdir
ac_cv_prog_AWK=gawk
ac_cv_prog_CPP='gcc -E'
ac_cv_prog_ac_ct_CC=gcc
ac_cv_prog_cc_c89=
ac_cv_prog_cc_g=yes
ac_cv_prog_make_make_set=yes
ac_cv_type_signal=void
am_cv_CC_dependencies_compiler_type=none

## ----------------- ##
## Output variables. ##
## ----------------- ##

ACLOCAL='${SHELL} /home/mfn/mod_auth_mysql/missing --run aclocal-1.11'
AMDEPBACKSLASH='\'
AMDEP_FALSE='#'
AMDEP_TRUE=''
AMTAR='${SHELL} /home/mfn/mod_auth_mysql/missing --run tar'
AUTOCONF='${SHELL} /home/mfn/mod_auth_mysql/missing --run autoconf'
AUTOHEADER='${SHELL} /home/mfn/mod_auth_mysql/missing --run autoheader'
AUTOMAKE='${SHELL} /home/mfn/mod_auth_mysql/missing --run automake-1.11'
AWK='gawk'
CC='gcc'
CCDEPMODE='depmode=none'
CFLAGS='-g -O2'
CPP='gcc -E'
CPPFLAGS=''
CYGPATH_W='echo'
DEFS='-DHAVE_CONFIG_H'
DEPDIR='.deps'
ECHO_C=''
ECHO_N='-n'
ECHO_T=''
EGREP='/bin/grep -E'
EXEEXT=''
GREP='/bin/grep'
INSTALL_DATA='${INSTALL} -m 644'
INSTALL_PROGRAM='${INSTALL}'
INSTALL_SCRIPT='${INSTALL}'
INSTALL_STRIP_PROGRAM='$(install_sh) -c -s'
LDFLAGS=''
LIBOBJS=''
LIBS='-lcrypt -lmysqlclient '
LTLIBOBJS=''
MAKEINFO='${SHELL} /home/mfn/mod_auth_mysql/missing --run makeinfo'
MKDIR_P='/bin/mkdir -p'
OBJEXT='o'
PACKAGE='mod_authnz_mysql'
PACKAGE_BUGREPORT=''
PACKAGE_NAME='mod_authnz_mysql'
PACKAGE_STRING='mod_authnz_mysql 1.0'
PACKAGE_TARNAME='mod_authnz_mysql'
PACKAGE_URL=''
PACKAGE_VERSION='1.0'
PATH_SEPARATOR=':'
SET_MAKE=''
SHELL='/bin/bash'
STRIP=''
VERSION='1.0'
ac_ct_CC='gcc'
am__EXEEXT_FALSE=''
am__EXEEXT_TRUE='#'
am__fastdepCC_FALSE=''
am__fastdepCC_TRUE='#'
am__include='include'
am__isrc=''
am__leading_dot='.'
am__quote=''
am__tar='${AMTAR} chof - "$$tardir"'
am__untar='${AMTAR} xf -'
apxs2='/usr/bin/apxs2'
bindir='${exec_prefix}/bin'
build_alias=''
build_opts='-I/usr/include/mysql -L/usr/lib'
datadir='${datarootdir}'
datarootdir='${prefix}/share'
docdir='${datarootdir}/doc/${PACKAGE_TARNAME}'
dvidir='${docdir}'
exec_prefix='${prefix}'
host_alias=''
htmldir='${docdir}'
includedir='${prefix}/include'
infodir='${datarootdir}/info'
install_sh='${SHELL} /home/mfn/mod_auth_mysql/install-sh'
libdir='${exec_prefix}/lib'
libexecdir='${exec_prefix}/libexec'
localedir='${datarootdir}/locale'
localstatedir='${prefix}/var'
mandir='${datarootdir}/man'
mkdir_p='/bin/mkdir -p'
modules='mod_authnz_mysql.so'
mysql_includes='-I/usr/include/mysql'
mysql_libs='-L/usr/lib'
oldincludedir='/usr/include'
pdfdir='${docdir}'
prefix='/usr/local'
program_transform_name='s,x,x,'
psdir='${docdir}'
sbindir='${exec_prefix}/sbin'
sharedstatedir='${prefix}/com'
sysconfdir='${prefix}/etc'
target_alias=''

## ----------- ##
## confdefs.h. ##
## ----------- ##

/* confdefs.h */
#define PACKAGE_NAME "mod_authnz_mysql"
#define PACKAGE_TARNAME "mod_authnz_mysql"
#define PACKAGE_VERSION "1.0"
#define PACKAGE_STRING "mod_authnz_mysql 1.0"
#define PACKAGE_BUGREPORT ""
#define PACKAGE_URL ""
#define PACKAGE "mod_authnz_mysql"
#define VERSION "1.0"
#define HAVE_LIBMYSQLCLIENT 1
#define STDC_HEADERS 1
#define HAVE_SYS_TYPES_H 1
#define HAVE_SYS_STAT_H 1
#define HAVE_STDLIB_H 1
#define HAVE_STRING_H 1
#define HAVE_MEMORY_H 1
#define HAVE_STRINGS_H 1
#define HAVE_INTTYPES_H 1
#define HAVE_STDINT_H 1
#define HAVE_UNISTD_H 1
#define HAVE_CRYPT_H 1
#define HAVE_LIBCRYPT 1
#define CRYPT_MD5 1
#define CRYPT_DES 1
#define RETSIGTYPE void

configure: exit 0
